[2025-05-04T06:20:47.229+0000] {taskinstance.py:1171} INFO - Dependencies all met for <TaskInstance: csv_to_json.welcome_msg manual__2025-05-04T06:20:45.513494+00:00 [queued]>
[2025-05-04T06:20:47.235+0000] {taskinstance.py:1171} INFO - Dependencies all met for <TaskInstance: csv_to_json.welcome_msg manual__2025-05-04T06:20:45.513494+00:00 [queued]>
[2025-05-04T06:20:47.235+0000] {taskinstance.py:1368} INFO - 
--------------------------------------------------------------------------------
[2025-05-04T06:20:47.235+0000] {taskinstance.py:1369} INFO - Starting attempt 1 of 1
[2025-05-04T06:20:47.235+0000] {taskinstance.py:1370} INFO - 
--------------------------------------------------------------------------------
[2025-05-04T06:20:47.242+0000] {taskinstance.py:1389} INFO - Executing <Task(BashOperator): welcome_msg> on 2025-05-04 06:20:45.513494+00:00
[2025-05-04T06:20:47.251+0000] {standard_task_runner.py:52} INFO - Started process 184 to run task
[2025-05-04T06:20:47.254+0000] {standard_task_runner.py:79} INFO - Running: ['***', 'tasks', 'run', 'csv_to_json', 'welcome_msg', 'manual__2025-05-04T06:20:45.513494+00:00', '--job-id', '5', '--raw', '--subdir', 'DAGS_FOLDER/csv_to_json.py', '--cfg-path', '/tmp/tmpptfuna85', '--error-file', '/tmp/tmpv00xe3av']
[2025-05-04T06:20:47.256+0000] {standard_task_runner.py:80} INFO - Job 5: Subtask welcome_msg
[2025-05-04T06:20:47.309+0000] {task_command.py:371} INFO - Running <TaskInstance: csv_to_json.welcome_msg manual__2025-05-04T06:20:45.513494+00:00 [running]> on host d314c6c904e1
[2025-05-04T06:20:47.357+0000] {taskinstance.py:1583} INFO - Exporting the following env vars:
AIRFLOW_CTX_DAG_OWNER=***
AIRFLOW_CTX_DAG_ID=csv_to_json
AIRFLOW_CTX_TASK_ID=welcome_msg
AIRFLOW_CTX_EXECUTION_DATE=2025-05-04T06:20:45.513494+00:00
AIRFLOW_CTX_TRY_NUMBER=1
AIRFLOW_CTX_DAG_RUN_ID=manual__2025-05-04T06:20:45.513494+00:00
[2025-05-04T06:20:47.358+0000] {subprocess.py:62} INFO - Tmp dir root location: 
 /tmp
[2025-05-04T06:20:47.358+0000] {subprocess.py:74} INFO - Running command: ['/bin/bash', '-c', 'echo "processing..."']
[2025-05-04T06:20:47.365+0000] {subprocess.py:85} INFO - Output:
[2025-05-04T06:20:47.367+0000] {subprocess.py:92} INFO - processing...
[2025-05-04T06:20:47.367+0000] {subprocess.py:96} INFO - Command exited with return code 0
[2025-05-04T06:20:47.385+0000] {taskinstance.py:1412} INFO - Marking task as SUCCESS. dag_id=csv_to_json, task_id=welcome_msg, execution_date=20250504T062045, start_date=20250504T062047, end_date=20250504T062047
[2025-05-04T06:20:47.437+0000] {local_task_job.py:156} INFO - Task exited with return code 0
[2025-05-04T06:20:47.463+0000] {local_task_job.py:279} INFO - 1 downstream tasks scheduled from follow-on schedule check
