[2025-05-04T06:26:45.157+0000] {taskinstance.py:1171} INFO - Dependencies all met for <TaskInstance: csv_to_json.done manual__2025-05-04T06:26:37.996501+00:00 [queued]>
[2025-05-04T06:26:45.198+0000] {taskinstance.py:1171} INFO - Dependencies all met for <TaskInstance: csv_to_json.done manual__2025-05-04T06:26:37.996501+00:00 [queued]>
[2025-05-04T06:26:45.199+0000] {taskinstance.py:1368} INFO - 
--------------------------------------------------------------------------------
[2025-05-04T06:26:45.199+0000] {taskinstance.py:1369} INFO - Starting attempt 1 of 1
[2025-05-04T06:26:45.199+0000] {taskinstance.py:1370} INFO - 
--------------------------------------------------------------------------------
[2025-05-04T06:26:45.224+0000] {taskinstance.py:1389} INFO - Executing <Task(BashOperator): done> on 2025-05-04 06:26:37.996501+00:00
[2025-05-04T06:26:45.254+0000] {standard_task_runner.py:52} INFO - Started process 335 to run task
[2025-05-04T06:26:45.258+0000] {standard_task_runner.py:79} INFO - Running: ['***', 'tasks', 'run', 'csv_to_json', 'done', 'manual__2025-05-04T06:26:37.996501+00:00', '--job-id', '21', '--raw', '--subdir', 'DAGS_FOLDER/csv_to_json.py', '--cfg-path', '/tmp/tmp0fn16lto', '--error-file', '/tmp/tmppo27lu4m']
[2025-05-04T06:26:45.259+0000] {standard_task_runner.py:80} INFO - Job 21: Subtask done
[2025-05-04T06:26:45.321+0000] {task_command.py:371} INFO - Running <TaskInstance: csv_to_json.done manual__2025-05-04T06:26:37.996501+00:00 [running]> on host d314c6c904e1
[2025-05-04T06:26:45.373+0000] {taskinstance.py:1583} INFO - Exporting the following env vars:
AIRFLOW_CTX_DAG_OWNER=***
AIRFLOW_CTX_DAG_ID=csv_to_json
AIRFLOW_CTX_TASK_ID=done
AIRFLOW_CTX_EXECUTION_DATE=2025-05-04T06:26:37.996501+00:00
AIRFLOW_CTX_TRY_NUMBER=1
AIRFLOW_CTX_DAG_RUN_ID=manual__2025-05-04T06:26:37.996501+00:00
[2025-05-04T06:26:45.375+0000] {subprocess.py:62} INFO - Tmp dir root location: 
 /tmp
[2025-05-04T06:26:45.376+0000] {subprocess.py:74} INFO - Running command: ['/bin/bash', '-c', 'echo "done!"']
[2025-05-04T06:26:45.383+0000] {subprocess.py:85} INFO - Output:
[2025-05-04T06:26:45.389+0000] {subprocess.py:92} INFO - done!
[2025-05-04T06:26:45.390+0000] {subprocess.py:96} INFO - Command exited with return code 0
[2025-05-04T06:26:45.410+0000] {taskinstance.py:1412} INFO - Marking task as SUCCESS. dag_id=csv_to_json, task_id=done, execution_date=20250504T062637, start_date=20250504T062645, end_date=20250504T062645
[2025-05-04T06:26:45.440+0000] {local_task_job.py:156} INFO - Task exited with return code 0
[2025-05-04T06:26:45.461+0000] {local_task_job.py:279} INFO - 0 downstream tasks scheduled from follow-on schedule check
