[2025-05-04T06:23:21.936+0000] {taskinstance.py:1171} INFO - Dependencies all met for <TaskInstance: csv_to_json.convert_to_json manual__2025-05-04T06:23:18.229597+00:00 [queued]>
[2025-05-04T06:23:21.947+0000] {taskinstance.py:1171} INFO - Dependencies all met for <TaskInstance: csv_to_json.convert_to_json manual__2025-05-04T06:23:18.229597+00:00 [queued]>
[2025-05-04T06:23:21.948+0000] {taskinstance.py:1368} INFO - 
--------------------------------------------------------------------------------
[2025-05-04T06:23:21.948+0000] {taskinstance.py:1369} INFO - Starting attempt 1 of 1
[2025-05-04T06:23:21.948+0000] {taskinstance.py:1370} INFO - 
--------------------------------------------------------------------------------
[2025-05-04T06:23:21.957+0000] {taskinstance.py:1389} INFO - Executing <Task(PythonOperator): convert_to_json> on 2025-05-04 06:23:18.229597+00:00
[2025-05-04T06:23:21.961+0000] {standard_task_runner.py:52} INFO - Started process 228 to run task
[2025-05-04T06:23:21.963+0000] {standard_task_runner.py:79} INFO - Running: ['***', 'tasks', 'run', 'csv_to_json', 'convert_to_json', 'manual__2025-05-04T06:23:18.229597+00:00', '--job-id', '9', '--raw', '--subdir', 'DAGS_FOLDER/csv_to_json.py', '--cfg-path', '/tmp/tmpjll1g851', '--error-file', '/tmp/tmpzjem5kzo']
[2025-05-04T06:23:21.964+0000] {standard_task_runner.py:80} INFO - Job 9: Subtask convert_to_json
[2025-05-04T06:23:22.009+0000] {task_command.py:371} INFO - Running <TaskInstance: csv_to_json.convert_to_json manual__2025-05-04T06:23:18.229597+00:00 [running]> on host d314c6c904e1
[2025-05-04T06:23:22.048+0000] {taskinstance.py:1583} INFO - Exporting the following env vars:
AIRFLOW_CTX_DAG_OWNER=***
AIRFLOW_CTX_DAG_ID=csv_to_json
AIRFLOW_CTX_TASK_ID=convert_to_json
AIRFLOW_CTX_EXECUTION_DATE=2025-05-04T06:23:18.229597+00:00
AIRFLOW_CTX_TRY_NUMBER=1
AIRFLOW_CTX_DAG_RUN_ID=manual__2025-05-04T06:23:18.229597+00:00
[2025-05-04T06:23:22.057+0000] {python.py:173} INFO - Done. Returned value was: None
[2025-05-04T06:23:22.064+0000] {taskinstance.py:1412} INFO - Marking task as SUCCESS. dag_id=csv_to_json, task_id=convert_to_json, execution_date=20250504T062318, start_date=20250504T062321, end_date=20250504T062322
[2025-05-04T06:23:22.102+0000] {local_task_job.py:156} INFO - Task exited with return code 0
[2025-05-04T06:23:22.123+0000] {local_task_job.py:279} INFO - 1 downstream tasks scheduled from follow-on schedule check
