[2025-05-04T06:26:42.613+0000] {taskinstance.py:1171} INFO - Dependencies all met for <TaskInstance: csv_to_json.data_cleaning manual__2025-05-04T06:26:37.996501+00:00 [queued]>
[2025-05-04T06:26:42.620+0000] {taskinstance.py:1171} INFO - Dependencies all met for <TaskInstance: csv_to_json.data_cleaning manual__2025-05-04T06:26:37.996501+00:00 [queued]>
[2025-05-04T06:26:42.620+0000] {taskinstance.py:1368} INFO - 
--------------------------------------------------------------------------------
[2025-05-04T06:26:42.620+0000] {taskinstance.py:1369} INFO - Starting attempt 1 of 1
[2025-05-04T06:26:42.621+0000] {taskinstance.py:1370} INFO - 
--------------------------------------------------------------------------------
[2025-05-04T06:26:42.627+0000] {taskinstance.py:1389} INFO - Executing <Task(PythonOperator): data_cleaning> on 2025-05-04 06:26:37.996501+00:00
[2025-05-04T06:26:42.639+0000] {standard_task_runner.py:52} INFO - Started process 329 to run task
[2025-05-04T06:26:42.647+0000] {standard_task_runner.py:79} INFO - Running: ['***', 'tasks', 'run', 'csv_to_json', 'data_cleaning', 'manual__2025-05-04T06:26:37.996501+00:00', '--job-id', '19', '--raw', '--subdir', 'DAGS_FOLDER/csv_to_json.py', '--cfg-path', '/tmp/tmp4phfqck8', '--error-file', '/tmp/tmpt1e0hn3l']
[2025-05-04T06:26:42.649+0000] {standard_task_runner.py:80} INFO - Job 19: Subtask data_cleaning
[2025-05-04T06:26:42.699+0000] {task_command.py:371} INFO - Running <TaskInstance: csv_to_json.data_cleaning manual__2025-05-04T06:26:37.996501+00:00 [running]> on host d314c6c904e1
[2025-05-04T06:26:42.751+0000] {taskinstance.py:1583} INFO - Exporting the following env vars:
AIRFLOW_CTX_DAG_OWNER=***
AIRFLOW_CTX_DAG_ID=csv_to_json
AIRFLOW_CTX_TASK_ID=data_cleaning
AIRFLOW_CTX_EXECUTION_DATE=2025-05-04T06:26:37.996501+00:00
AIRFLOW_CTX_TRY_NUMBER=1
AIRFLOW_CTX_DAG_RUN_ID=manual__2025-05-04T06:26:37.996501+00:00
[2025-05-04T06:26:42.792+0000] {python.py:173} INFO - Done. Returned value was: None
[2025-05-04T06:26:42.801+0000] {taskinstance.py:1412} INFO - Marking task as SUCCESS. dag_id=csv_to_json, task_id=data_cleaning, execution_date=20250504T062637, start_date=20250504T062642, end_date=20250504T062642
[2025-05-04T06:26:42.827+0000] {local_task_job.py:156} INFO - Task exited with return code 0
[2025-05-04T06:26:42.856+0000] {local_task_job.py:279} INFO - 1 downstream tasks scheduled from follow-on schedule check
