[2025-05-04T06:23:22.910+0000] {taskinstance.py:1171} INFO - Dependencies all met for <TaskInstance: csv_to_json.done manual__2025-05-04T06:23:18.229597+00:00 [queued]>
[2025-05-04T06:23:22.914+0000] {taskinstance.py:1171} INFO - Dependencies all met for <TaskInstance: csv_to_json.done manual__2025-05-04T06:23:18.229597+00:00 [queued]>
[2025-05-04T06:23:22.914+0000] {taskinstance.py:1368} INFO - 
--------------------------------------------------------------------------------
[2025-05-04T06:23:22.914+0000] {taskinstance.py:1369} INFO - Starting attempt 1 of 1
[2025-05-04T06:23:22.914+0000] {taskinstance.py:1370} INFO - 
--------------------------------------------------------------------------------
[2025-05-04T06:23:22.920+0000] {taskinstance.py:1389} INFO - Executing <Task(BashOperator): done> on 2025-05-04 06:23:18.229597+00:00
[2025-05-04T06:23:22.931+0000] {standard_task_runner.py:52} INFO - Started process 231 to run task
[2025-05-04T06:23:22.934+0000] {standard_task_runner.py:79} INFO - Running: ['***', 'tasks', 'run', 'csv_to_json', 'done', 'manual__2025-05-04T06:23:18.229597+00:00', '--job-id', '10', '--raw', '--subdir', 'DAGS_FOLDER/csv_to_json.py', '--cfg-path', '/tmp/tmp68i3ipk2', '--error-file', '/tmp/tmpnwpnlr55']
[2025-05-04T06:23:22.935+0000] {standard_task_runner.py:80} INFO - Job 10: Subtask done
[2025-05-04T06:23:22.969+0000] {task_command.py:371} INFO - Running <TaskInstance: csv_to_json.done manual__2025-05-04T06:23:18.229597+00:00 [running]> on host d314c6c904e1
[2025-05-04T06:23:23.007+0000] {taskinstance.py:1583} INFO - Exporting the following env vars:
AIRFLOW_CTX_DAG_OWNER=***
AIRFLOW_CTX_DAG_ID=csv_to_json
AIRFLOW_CTX_TASK_ID=done
AIRFLOW_CTX_EXECUTION_DATE=2025-05-04T06:23:18.229597+00:00
AIRFLOW_CTX_TRY_NUMBER=1
AIRFLOW_CTX_DAG_RUN_ID=manual__2025-05-04T06:23:18.229597+00:00
[2025-05-04T06:23:23.008+0000] {subprocess.py:62} INFO - Tmp dir root location: 
 /tmp
[2025-05-04T06:23:23.008+0000] {subprocess.py:74} INFO - Running command: ['/bin/bash', '-c', 'echo "done!"']
[2025-05-04T06:23:23.015+0000] {subprocess.py:85} INFO - Output:
[2025-05-04T06:23:23.021+0000] {subprocess.py:92} INFO - done!
[2025-05-04T06:23:23.022+0000] {subprocess.py:96} INFO - Command exited with return code 0
[2025-05-04T06:23:23.040+0000] {taskinstance.py:1412} INFO - Marking task as SUCCESS. dag_id=csv_to_json, task_id=done, execution_date=20250504T062318, start_date=20250504T062322, end_date=20250504T062323
[2025-05-04T06:23:23.075+0000] {local_task_job.py:156} INFO - Task exited with return code 0
[2025-05-04T06:23:23.092+0000] {local_task_job.py:279} INFO - 0 downstream tasks scheduled from follow-on schedule check
