[2025-05-04T06:23:20.647+0000] {taskinstance.py:1171} INFO - Dependencies all met for <TaskInstance: csv_to_json.data_cleaning manual__2025-05-04T06:23:18.229597+00:00 [queued]>
[2025-05-04T06:23:20.651+0000] {taskinstance.py:1171} INFO - Dependencies all met for <TaskInstance: csv_to_json.data_cleaning manual__2025-05-04T06:23:18.229597+00:00 [queued]>
[2025-05-04T06:23:20.651+0000] {taskinstance.py:1368} INFO - 
--------------------------------------------------------------------------------
[2025-05-04T06:23:20.651+0000] {taskinstance.py:1369} INFO - Starting attempt 1 of 1
[2025-05-04T06:23:20.652+0000] {taskinstance.py:1370} INFO - 
--------------------------------------------------------------------------------
[2025-05-04T06:23:20.657+0000] {taskinstance.py:1389} INFO - Executing <Task(PythonOperator): data_cleaning> on 2025-05-04 06:23:18.229597+00:00
[2025-05-04T06:23:20.667+0000] {standard_task_runner.py:52} INFO - Started process 225 to run task
[2025-05-04T06:23:20.669+0000] {standard_task_runner.py:79} INFO - Running: ['***', 'tasks', 'run', 'csv_to_json', 'data_cleaning', 'manual__2025-05-04T06:23:18.229597+00:00', '--job-id', '8', '--raw', '--subdir', 'DAGS_FOLDER/csv_to_json.py', '--cfg-path', '/tmp/tmpk61d0jom', '--error-file', '/tmp/tmpi3zxkco6']
[2025-05-04T06:23:20.670+0000] {standard_task_runner.py:80} INFO - Job 8: Subtask data_cleaning
[2025-05-04T06:23:20.714+0000] {task_command.py:371} INFO - Running <TaskInstance: csv_to_json.data_cleaning manual__2025-05-04T06:23:18.229597+00:00 [running]> on host d314c6c904e1
[2025-05-04T06:23:20.774+0000] {taskinstance.py:1583} INFO - Exporting the following env vars:
AIRFLOW_CTX_DAG_OWNER=***
AIRFLOW_CTX_DAG_ID=csv_to_json
AIRFLOW_CTX_TASK_ID=data_cleaning
AIRFLOW_CTX_EXECUTION_DATE=2025-05-04T06:23:18.229597+00:00
AIRFLOW_CTX_TRY_NUMBER=1
AIRFLOW_CTX_DAG_RUN_ID=manual__2025-05-04T06:23:18.229597+00:00
[2025-05-04T06:23:20.875+0000] {python.py:173} INFO - Done. Returned value was: None
[2025-05-04T06:23:20.911+0000] {taskinstance.py:1412} INFO - Marking task as SUCCESS. dag_id=csv_to_json, task_id=data_cleaning, execution_date=20250504T062318, start_date=20250504T062320, end_date=20250504T062320
[2025-05-04T06:23:21.020+0000] {local_task_job.py:156} INFO - Task exited with return code 0
[2025-05-04T06:23:21.081+0000] {local_task_job.py:279} INFO - 1 downstream tasks scheduled from follow-on schedule check
