[2025-05-04T06:26:40.031+0000] {taskinstance.py:1171} INFO - Dependencies all met for <TaskInstance: csv_to_json.welcome_msg manual__2025-05-04T06:26:37.996501+00:00 [queued]>
[2025-05-04T06:26:40.036+0000] {taskinstance.py:1171} INFO - Dependencies all met for <TaskInstance: csv_to_json.welcome_msg manual__2025-05-04T06:26:37.996501+00:00 [queued]>
[2025-05-04T06:26:40.036+0000] {taskinstance.py:1368} INFO - 
--------------------------------------------------------------------------------
[2025-05-04T06:26:40.036+0000] {taskinstance.py:1369} INFO - Starting attempt 1 of 1
[2025-05-04T06:26:40.036+0000] {taskinstance.py:1370} INFO - 
--------------------------------------------------------------------------------
[2025-05-04T06:26:40.043+0000] {taskinstance.py:1389} INFO - Executing <Task(BashOperator): welcome_msg> on 2025-05-04 06:26:37.996501+00:00
[2025-05-04T06:26:40.057+0000] {standard_task_runner.py:52} INFO - Started process 325 to run task
[2025-05-04T06:26:40.059+0000] {standard_task_runner.py:79} INFO - Running: ['***', 'tasks', 'run', 'csv_to_json', 'welcome_msg', 'manual__2025-05-04T06:26:37.996501+00:00', '--job-id', '18', '--raw', '--subdir', 'DAGS_FOLDER/csv_to_json.py', '--cfg-path', '/tmp/tmpmegnauoe', '--error-file', '/tmp/tmp042uy7b7']
[2025-05-04T06:26:40.060+0000] {standard_task_runner.py:80} INFO - Job 18: Subtask welcome_msg
[2025-05-04T06:26:40.146+0000] {task_command.py:371} INFO - Running <TaskInstance: csv_to_json.welcome_msg manual__2025-05-04T06:26:37.996501+00:00 [running]> on host d314c6c904e1
[2025-05-04T06:26:40.226+0000] {taskinstance.py:1583} INFO - Exporting the following env vars:
AIRFLOW_CTX_DAG_OWNER=***
AIRFLOW_CTX_DAG_ID=csv_to_json
AIRFLOW_CTX_TASK_ID=welcome_msg
AIRFLOW_CTX_EXECUTION_DATE=2025-05-04T06:26:37.996501+00:00
AIRFLOW_CTX_TRY_NUMBER=1
AIRFLOW_CTX_DAG_RUN_ID=manual__2025-05-04T06:26:37.996501+00:00
[2025-05-04T06:26:40.227+0000] {subprocess.py:62} INFO - Tmp dir root location: 
 /tmp
[2025-05-04T06:26:40.228+0000] {subprocess.py:74} INFO - Running command: ['/bin/bash', '-c', 'echo "processing..."']
[2025-05-04T06:26:40.264+0000] {subprocess.py:85} INFO - Output:
[2025-05-04T06:26:40.329+0000] {subprocess.py:92} INFO - processing...
[2025-05-04T06:26:40.332+0000] {subprocess.py:96} INFO - Command exited with return code 0
[2025-05-04T06:26:40.598+0000] {taskinstance.py:1412} INFO - Marking task as SUCCESS. dag_id=csv_to_json, task_id=welcome_msg, execution_date=20250504T062637, start_date=20250504T062640, end_date=20250504T062640
[2025-05-04T06:26:40.693+0000] {local_task_job.py:156} INFO - Task exited with return code 0
[2025-05-04T06:26:40.815+0000] {local_task_job.py:279} INFO - 1 downstream tasks scheduled from follow-on schedule check
