[2025-05-04T06:09:22.870+0000] {manager.py:480} INFO - Processing files using up to 2 processes at a time 
[2025-05-04T06:09:22.874+0000] {manager.py:481} INFO - Process each file at most once every 30 seconds
[2025-05-04T06:09:22.875+0000] {manager.py:483} INFO - Checking for new files in /opt/airflow/dags every 300 seconds
[2025-05-04T06:09:22.875+0000] {manager.py:709} INFO - Searching for files in /opt/airflow/dags
[2025-05-04T06:09:22.879+0000] {manager.py:712} INFO - There are 1 files in /opt/airflow/dags
[2025-05-04T06:09:22.928+0000] {manager.py:828} INFO - 
================================================================================
DAG File Processing Stats

File Path                           PID  Runtime      # DAGs    # Errors  Last Runtime    Last Run
--------------------------------  -----  ---------  --------  ----------  --------------  ----------
/opt/airflow/dags/csv_to_json.py    169  0.02s             0           0
================================================================================
[2025-05-04T06:09:53.086+0000] {manager.py:828} INFO - 
================================================================================
DAG File Processing Stats

File Path                         PID    Runtime      # DAGs    # Errors  Last Runtime    Last Run
--------------------------------  -----  ---------  --------  ----------  --------------  -------------------
/opt/airflow/dags/csv_to_json.py                           0           1  0.98s           2025-05-04T06:09:23
================================================================================
[2025-05-04T06:10:23.468+0000] {manager.py:828} INFO - 
================================================================================
DAG File Processing Stats

File Path                         PID    Runtime      # DAGs    # Errors  Last Runtime    Last Run
--------------------------------  -----  ---------  --------  ----------  --------------  -------------------
/opt/airflow/dags/csv_to_json.py                           0           1  0.69s           2025-05-04T06:09:54
================================================================================
[2025-05-04T06:10:53.612+0000] {manager.py:828} INFO - 
================================================================================
DAG File Processing Stats

File Path                         PID    Runtime      # DAGs    # Errors  Last Runtime    Last Run
--------------------------------  -----  ---------  --------  ----------  --------------  -------------------
/opt/airflow/dags/csv_to_json.py                           0           1  0.46s           2025-05-04T06:10:39
================================================================================
[2025-05-04T06:11:23.843+0000] {manager.py:828} INFO - 
================================================================================
DAG File Processing Stats

File Path                         PID    Runtime      # DAGs    # Errors  Last Runtime    Last Run
--------------------------------  -----  ---------  --------  ----------  --------------  -------------------
/opt/airflow/dags/csv_to_json.py                           0           1  0.58s           2025-05-04T06:11:10
================================================================================
[2025-05-04T06:11:54.016+0000] {manager.py:828} INFO - 
================================================================================
DAG File Processing Stats

File Path                         PID    Runtime      # DAGs    # Errors  Last Runtime    Last Run
--------------------------------  -----  ---------  --------  ----------  --------------  -------------------
/opt/airflow/dags/csv_to_json.py                           0           1  0.50s           2025-05-04T06:11:41
================================================================================
[2025-05-04T06:12:24.102+0000] {manager.py:828} INFO - 
================================================================================
DAG File Processing Stats

File Path                         PID    Runtime      # DAGs    # Errors  Last Runtime    Last Run
--------------------------------  -----  ---------  --------  ----------  --------------  -------------------
/opt/airflow/dags/csv_to_json.py                           0           1  0.46s           2025-05-04T06:12:03
================================================================================
[2025-05-04T06:12:54.242+0000] {manager.py:828} INFO - 
================================================================================
DAG File Processing Stats

File Path                         PID    Runtime      # DAGs    # Errors  Last Runtime    Last Run
--------------------------------  -----  ---------  --------  ----------  --------------  -------------------
/opt/airflow/dags/csv_to_json.py                           0           1  0.43s           2025-05-04T06:12:32
================================================================================
[2025-05-04T06:13:24.456+0000] {manager.py:828} INFO - 
================================================================================
DAG File Processing Stats

File Path                         PID    Runtime      # DAGs    # Errors  Last Runtime    Last Run
--------------------------------  -----  ---------  --------  ----------  --------------  -------------------
/opt/airflow/dags/csv_to_json.py                           0           1  0.42s           2025-05-04T06:13:02
================================================================================
[2025-05-04T06:13:55.010+0000] {manager.py:828} INFO - 
================================================================================
DAG File Processing Stats

File Path                         PID    Runtime      # DAGs    # Errors  Last Runtime    Last Run
--------------------------------  -----  ---------  --------  ----------  --------------  -------------------
/opt/airflow/dags/csv_to_json.py                           0           1  0.46s           2025-05-04T06:13:33
================================================================================
[2025-05-04T06:14:23.196+0000] {manager.py:709} INFO - Searching for files in /opt/airflow/dags
[2025-05-04T06:14:23.211+0000] {manager.py:712} INFO - There are 1 files in /opt/airflow/dags
[2025-05-04T06:14:25.257+0000] {manager.py:828} INFO - 
================================================================================
DAG File Processing Stats

File Path                         PID    Runtime      # DAGs    # Errors  Last Runtime    Last Run
--------------------------------  -----  ---------  --------  ----------  --------------  -------------------
/opt/airflow/dags/csv_to_json.py                           0           1  0.55s           2025-05-04T06:14:04
================================================================================
[2025-05-04T06:14:55.789+0000] {manager.py:828} INFO - 
================================================================================
DAG File Processing Stats

File Path                         PID    Runtime      # DAGs    # Errors  Last Runtime    Last Run
--------------------------------  -----  ---------  --------  ----------  --------------  -------------------
/opt/airflow/dags/csv_to_json.py                           0           1  0.47s           2025-05-04T06:14:32
================================================================================
[2025-05-04T06:15:26.012+0000] {manager.py:828} INFO - 
================================================================================
DAG File Processing Stats

File Path                         PID    Runtime      # DAGs    # Errors  Last Runtime    Last Run
--------------------------------  -----  ---------  --------  ----------  --------------  -------------------
/opt/airflow/dags/csv_to_json.py                           0           1  0.58s           2025-05-04T06:15:03
================================================================================
[2025-05-04T06:15:56.132+0000] {manager.py:828} INFO - 
================================================================================
DAG File Processing Stats

File Path                         PID    Runtime      # DAGs    # Errors  Last Runtime    Last Run
--------------------------------  -----  ---------  --------  ----------  --------------  -------------------
/opt/airflow/dags/csv_to_json.py                           0           1  0.45s           2025-05-04T06:15:34
================================================================================
[2025-05-04T06:16:26.464+0000] {manager.py:828} INFO - 
================================================================================
DAG File Processing Stats

File Path                         PID    Runtime      # DAGs    # Errors  Last Runtime    Last Run
--------------------------------  -----  ---------  --------  ----------  --------------  -------------------
/opt/airflow/dags/csv_to_json.py                           0           1  0.51s           2025-05-04T06:16:04
================================================================================
[2025-05-04T06:16:56.521+0000] {manager.py:828} INFO - 
================================================================================
DAG File Processing Stats

File Path                         PID    Runtime      # DAGs    # Errors  Last Runtime    Last Run
--------------------------------  -----  ---------  --------  ----------  --------------  -------------------
/opt/airflow/dags/csv_to_json.py                           1           0  0.55s           2025-05-04T06:16:44
================================================================================
[2025-05-04T06:17:26.958+0000] {manager.py:828} INFO - 
================================================================================
DAG File Processing Stats

File Path                         PID    Runtime      # DAGs    # Errors  Last Runtime    Last Run
--------------------------------  -----  ---------  --------  ----------  --------------  -------------------
/opt/airflow/dags/csv_to_json.py                           1           0  0.42s           2025-05-04T06:17:13
================================================================================
[2025-05-04T06:17:57.192+0000] {manager.py:828} INFO - 
================================================================================
DAG File Processing Stats

File Path                         PID    Runtime      # DAGs    # Errors  Last Runtime    Last Run
--------------------------------  -----  ---------  --------  ----------  --------------  -------------------
/opt/airflow/dags/csv_to_json.py                           1           0  0.56s           2025-05-04T06:17:47
================================================================================
[2025-05-04T06:18:27.847+0000] {manager.py:828} INFO - 
================================================================================
DAG File Processing Stats

File Path                         PID    Runtime      # DAGs    # Errors  Last Runtime    Last Run
--------------------------------  -----  ---------  --------  ----------  --------------  -------------------
/opt/airflow/dags/csv_to_json.py                           1           0  0.62s           2025-05-04T06:18:24
================================================================================
[2025-05-04T06:18:58.674+0000] {manager.py:828} INFO - 
================================================================================
DAG File Processing Stats

File Path                         PID    Runtime      # DAGs    # Errors  Last Runtime    Last Run
--------------------------------  -----  ---------  --------  ----------  --------------  -------------------
/opt/airflow/dags/csv_to_json.py                           1           0  0.50s           2025-05-04T06:18:39
================================================================================
[2025-05-04T06:19:23.261+0000] {manager.py:709} INFO - Searching for files in /opt/airflow/dags
[2025-05-04T06:19:23.276+0000] {manager.py:712} INFO - There are 1 files in /opt/airflow/dags
[2025-05-04T06:19:28.871+0000] {manager.py:828} INFO - 
================================================================================
DAG File Processing Stats

File Path                         PID    Runtime      # DAGs    # Errors  Last Runtime    Last Run
--------------------------------  -----  ---------  --------  ----------  --------------  -------------------
/opt/airflow/dags/csv_to_json.py                           1           0  0.44s           2025-05-04T06:19:10
================================================================================
[2025-05-04T06:19:34.152+0000] {manager.py:462} INFO - Exiting gracefully upon receiving signal 15
[2025-05-04T06:20:12.066+0000] {manager.py:480} INFO - Processing files using up to 2 processes at a time 
[2025-05-04T06:20:12.067+0000] {manager.py:481} INFO - Process each file at most once every 30 seconds
[2025-05-04T06:20:12.068+0000] {manager.py:483} INFO - Checking for new files in /opt/airflow/dags every 300 seconds
[2025-05-04T06:20:12.068+0000] {manager.py:709} INFO - Searching for files in /opt/airflow/dags
[2025-05-04T06:20:12.074+0000] {manager.py:712} INFO - There are 1 files in /opt/airflow/dags
[2025-05-04T06:20:12.126+0000] {manager.py:828} INFO - 
================================================================================
DAG File Processing Stats

File Path                           PID  Runtime      # DAGs    # Errors  Last Runtime    Last Run
--------------------------------  -----  ---------  --------  ----------  --------------  ----------
/opt/airflow/dags/csv_to_json.py    169  0.02s             0           0
================================================================================
[2025-05-04T06:20:42.308+0000] {manager.py:828} INFO - 
================================================================================
DAG File Processing Stats

File Path                         PID    Runtime      # DAGs    # Errors  Last Runtime    Last Run
--------------------------------  -----  ---------  --------  ----------  --------------  -------------------
/opt/airflow/dags/csv_to_json.py                           1           0  1.02s           2025-05-04T06:20:13
================================================================================
[2025-05-04T06:21:12.543+0000] {manager.py:828} INFO - 
================================================================================
DAG File Processing Stats

File Path                         PID    Runtime      # DAGs    # Errors  Last Runtime    Last Run
--------------------------------  -----  ---------  --------  ----------  --------------  -------------------
/opt/airflow/dags/csv_to_json.py                           1           0  0.82s           2025-05-04T06:20:44
================================================================================
[2025-05-04T06:21:42.723+0000] {manager.py:828} INFO - 
================================================================================
DAG File Processing Stats

File Path                         PID    Runtime      # DAGs    # Errors  Last Runtime    Last Run
--------------------------------  -----  ---------  --------  ----------  --------------  -------------------
/opt/airflow/dags/csv_to_json.py                           1           0  0.50s           2025-05-04T06:21:14
================================================================================
[2025-05-04T06:22:13.125+0000] {manager.py:828} INFO - 
================================================================================
DAG File Processing Stats

File Path                         PID    Runtime      # DAGs    # Errors  Last Runtime    Last Run
--------------------------------  -----  ---------  --------  ----------  --------------  -------------------
/opt/airflow/dags/csv_to_json.py                           1           0  0.52s           2025-05-04T06:21:45
================================================================================
[2025-05-04T06:22:43.450+0000] {manager.py:828} INFO - 
================================================================================
DAG File Processing Stats

File Path                         PID    Runtime      # DAGs    # Errors  Last Runtime    Last Run
--------------------------------  -----  ---------  --------  ----------  --------------  -------------------
/opt/airflow/dags/csv_to_json.py                           1           0  0.75s           2025-05-04T06:22:16
================================================================================
[2025-05-04T06:23:13.671+0000] {manager.py:828} INFO - 
================================================================================
DAG File Processing Stats

File Path                         PID    Runtime      # DAGs    # Errors  Last Runtime    Last Run
--------------------------------  -----  ---------  --------  ----------  --------------  -------------------
/opt/airflow/dags/csv_to_json.py                           1           0  0.44s           2025-05-04T06:23:10
================================================================================
[2025-05-04T06:23:43.951+0000] {manager.py:828} INFO - 
================================================================================
DAG File Processing Stats

File Path                         PID    Runtime      # DAGs    # Errors  Last Runtime    Last Run
--------------------------------  -----  ---------  --------  ----------  --------------  -------------------
/opt/airflow/dags/csv_to_json.py                           1           0  0.62s           2025-05-04T06:23:41
================================================================================
[2025-05-04T06:24:14.170+0000] {manager.py:828} INFO - 
================================================================================
DAG File Processing Stats

File Path                         PID    Runtime      # DAGs    # Errors  Last Runtime    Last Run
--------------------------------  -----  ---------  --------  ----------  --------------  -------------------
/opt/airflow/dags/csv_to_json.py                           1           0  0.62s           2025-05-04T06:24:03
================================================================================
[2025-05-04T06:24:44.338+0000] {manager.py:828} INFO - 
================================================================================
DAG File Processing Stats

File Path                         PID    Runtime      # DAGs    # Errors  Last Runtime    Last Run
--------------------------------  -----  ---------  --------  ----------  --------------  -------------------
/opt/airflow/dags/csv_to_json.py                           1           0  0.51s           2025-05-04T06:24:34
================================================================================
[2025-05-04T06:25:12.403+0000] {manager.py:709} INFO - Searching for files in /opt/airflow/dags
[2025-05-04T06:25:12.410+0000] {manager.py:712} INFO - There are 1 files in /opt/airflow/dags
[2025-05-04T06:25:14.443+0000] {manager.py:828} INFO - 
================================================================================
DAG File Processing Stats

File Path                         PID    Runtime      # DAGs    # Errors  Last Runtime    Last Run
--------------------------------  -----  ---------  --------  ----------  --------------  -------------------
/opt/airflow/dags/csv_to_json.py                           1           0  0.44s           2025-05-04T06:25:09
================================================================================
[2025-05-04T06:25:45.202+0000] {manager.py:828} INFO - 
================================================================================
DAG File Processing Stats

File Path                         PID    Runtime      # DAGs    # Errors  Last Runtime    Last Run
--------------------------------  -----  ---------  --------  ----------  --------------  -------------------
/opt/airflow/dags/csv_to_json.py                           1           0  0.55s           2025-05-04T06:25:40
================================================================================
[2025-05-04T06:26:15.354+0000] {manager.py:828} INFO - 
================================================================================
DAG File Processing Stats

File Path                         PID    Runtime      # DAGs    # Errors  Last Runtime    Last Run
--------------------------------  -----  ---------  --------  ----------  --------------  -------------------
/opt/airflow/dags/csv_to_json.py                           1           0  0.93s           2025-05-04T06:26:11
================================================================================
[2025-05-04T06:26:46.208+0000] {manager.py:828} INFO - 
================================================================================
DAG File Processing Stats

File Path                         PID    Runtime      # DAGs    # Errors  Last Runtime    Last Run
--------------------------------  -----  ---------  --------  ----------  --------------  -------------------
/opt/airflow/dags/csv_to_json.py                           1           0  0.65s           2025-05-04T06:26:31
================================================================================
[2025-05-04T06:27:16.411+0000] {manager.py:828} INFO - 
================================================================================
DAG File Processing Stats

File Path                         PID    Runtime      # DAGs    # Errors  Last Runtime    Last Run
--------------------------------  -----  ---------  --------  ----------  --------------  -------------------
/opt/airflow/dags/csv_to_json.py                           1           0  0.50s           2025-05-04T06:27:01
================================================================================
[2025-05-04T06:27:46.475+0000] {manager.py:828} INFO - 
================================================================================
DAG File Processing Stats

File Path                         PID    Runtime      # DAGs    # Errors  Last Runtime    Last Run
--------------------------------  -----  ---------  --------  ----------  --------------  -------------------
/opt/airflow/dags/csv_to_json.py                           1           0  0.48s           2025-05-04T06:27:32
================================================================================
[2025-05-04T06:28:16.652+0000] {manager.py:828} INFO - 
================================================================================
DAG File Processing Stats

File Path                         PID    Runtime      # DAGs    # Errors  Last Runtime    Last Run
--------------------------------  -----  ---------  --------  ----------  --------------  -------------------
/opt/airflow/dags/csv_to_json.py                           1           0  0.52s           2025-05-04T06:28:03
================================================================================
[2025-05-04T06:28:46.822+0000] {manager.py:828} INFO - 
================================================================================
DAG File Processing Stats

File Path                         PID    Runtime      # DAGs    # Errors  Last Runtime    Last Run
--------------------------------  -----  ---------  --------  ----------  --------------  -------------------
/opt/airflow/dags/csv_to_json.py                           1           0  0.51s           2025-05-04T06:28:33
================================================================================
[2025-05-04T06:29:17.164+0000] {manager.py:828} INFO - 
================================================================================
DAG File Processing Stats

File Path                         PID    Runtime      # DAGs    # Errors  Last Runtime    Last Run
--------------------------------  -----  ---------  --------  ----------  --------------  -------------------
/opt/airflow/dags/csv_to_json.py                           1           0  0.47s           2025-05-04T06:28:51
================================================================================
[2025-05-04T06:29:47.609+0000] {manager.py:828} INFO - 
================================================================================
DAG File Processing Stats

File Path                         PID    Runtime      # DAGs    # Errors  Last Runtime    Last Run
--------------------------------  -----  ---------  --------  ----------  --------------  -------------------
/opt/airflow/dags/csv_to_json.py                           1           0  0.53s           2025-05-04T06:29:21
================================================================================
[2025-05-04T06:30:12.685+0000] {manager.py:709} INFO - Searching for files in /opt/airflow/dags
[2025-05-04T06:30:12.697+0000] {manager.py:712} INFO - There are 1 files in /opt/airflow/dags
[2025-05-04T06:30:17.751+0000] {manager.py:828} INFO - 
================================================================================
DAG File Processing Stats

File Path                         PID    Runtime      # DAGs    # Errors  Last Runtime    Last Run
--------------------------------  -----  ---------  --------  ----------  --------------  -------------------
/opt/airflow/dags/csv_to_json.py                           1           0  0.46s           2025-05-04T06:29:52
================================================================================
[2025-05-04T06:30:48.456+0000] {manager.py:828} INFO - 
================================================================================
DAG File Processing Stats

File Path                         PID    Runtime      # DAGs    # Errors  Last Runtime    Last Run
--------------------------------  -----  ---------  --------  ----------  --------------  -------------------
/opt/airflow/dags/csv_to_json.py                           1           0  0.54s           2025-05-04T06:30:23
================================================================================
[2025-05-04T06:31:18.706+0000] {manager.py:828} INFO - 
================================================================================
DAG File Processing Stats

File Path                         PID    Runtime      # DAGs    # Errors  Last Runtime    Last Run
--------------------------------  -----  ---------  --------  ----------  --------------  -------------------
/opt/airflow/dags/csv_to_json.py                           1           0  0.48s           2025-05-04T06:30:53
================================================================================
[2025-05-04T06:31:48.953+0000] {manager.py:828} INFO - 
================================================================================
DAG File Processing Stats

File Path                         PID    Runtime      # DAGs    # Errors  Last Runtime    Last Run
--------------------------------  -----  ---------  --------  ----------  --------------  -------------------
/opt/airflow/dags/csv_to_json.py                           1           0  0.71s           2025-05-04T06:31:24
================================================================================
[2025-05-04T06:32:19.187+0000] {manager.py:828} INFO - 
================================================================================
DAG File Processing Stats

File Path                         PID    Runtime      # DAGs    # Errors  Last Runtime    Last Run
--------------------------------  -----  ---------  --------  ----------  --------------  -------------------
/opt/airflow/dags/csv_to_json.py                           1           0  0.66s           2025-05-04T06:31:55
================================================================================
[2025-05-04T06:32:20.795+0000] {manager.py:462} INFO - Exiting gracefully upon receiving signal 15
[2025-05-04T06:32:45.579+0000] {manager.py:480} INFO - Processing files using up to 2 processes at a time 
[2025-05-04T06:32:45.580+0000] {manager.py:481} INFO - Process each file at most once every 30 seconds
[2025-05-04T06:32:45.580+0000] {manager.py:483} INFO - Checking for new files in /opt/airflow/dags every 300 seconds
[2025-05-04T06:32:45.581+0000] {manager.py:709} INFO - Searching for files in /opt/airflow/dags
[2025-05-04T06:32:45.584+0000] {manager.py:712} INFO - There are 1 files in /opt/airflow/dags
[2025-05-04T06:32:45.623+0000] {manager.py:828} INFO - 
================================================================================
DAG File Processing Stats

File Path                           PID  Runtime      # DAGs    # Errors  Last Runtime    Last Run
--------------------------------  -----  ---------  --------  ----------  --------------  ----------
/opt/airflow/dags/csv_to_json.py    169  0.01s             0           0
================================================================================
[2025-05-04T06:32:56.240+0000] {manager.py:462} INFO - Exiting gracefully upon receiving signal 15
[2025-05-04T06:33:33.524+0000] {manager.py:480} INFO - Processing files using up to 2 processes at a time 
[2025-05-04T06:33:33.525+0000] {manager.py:481} INFO - Process each file at most once every 30 seconds
[2025-05-04T06:33:33.526+0000] {manager.py:483} INFO - Checking for new files in /opt/airflow/dags every 300 seconds
[2025-05-04T06:33:33.527+0000] {manager.py:709} INFO - Searching for files in /opt/airflow/dags
[2025-05-04T06:33:33.530+0000] {manager.py:712} INFO - There are 1 files in /opt/airflow/dags
[2025-05-04T06:33:33.575+0000] {manager.py:828} INFO - 
================================================================================
DAG File Processing Stats

File Path                           PID  Runtime      # DAGs    # Errors  Last Runtime    Last Run
--------------------------------  -----  ---------  --------  ----------  --------------  ----------
/opt/airflow/dags/csv_to_json.py    169  0.02s             0           0
================================================================================
[2025-05-04T06:33:48.674+0000] {manager.py:462} INFO - Exiting gracefully upon receiving signal 15
[2025-05-04T06:35:25.169+0000] {manager.py:480} INFO - Processing files using up to 2 processes at a time 
[2025-05-04T06:35:25.170+0000] {manager.py:481} INFO - Process each file at most once every 30 seconds
[2025-05-04T06:35:25.170+0000] {manager.py:483} INFO - Checking for new files in /opt/airflow/dags every 300 seconds
[2025-05-04T06:35:25.170+0000] {manager.py:709} INFO - Searching for files in /opt/airflow/dags
[2025-05-04T06:35:25.173+0000] {manager.py:712} INFO - There are 1 files in /opt/airflow/dags
[2025-05-04T06:35:25.214+0000] {manager.py:828} INFO - 
================================================================================
DAG File Processing Stats

File Path                           PID  Runtime      # DAGs    # Errors  Last Runtime    Last Run
--------------------------------  -----  ---------  --------  ----------  --------------  ----------
/opt/airflow/dags/csv_to_json.py    169  0.01s             0           0
================================================================================
[2025-05-04T06:35:55.284+0000] {manager.py:828} INFO - 
================================================================================
DAG File Processing Stats

File Path                         PID    Runtime      # DAGs    # Errors  Last Runtime    Last Run
--------------------------------  -----  ---------  --------  ----------  --------------  -------------------
/opt/airflow/dags/csv_to_json.py                           1           0  0.85s           2025-05-04T06:35:26
================================================================================
[2025-05-04T06:36:25.590+0000] {manager.py:828} INFO - 
================================================================================
DAG File Processing Stats

File Path                         PID    Runtime      # DAGs    # Errors  Last Runtime    Last Run
--------------------------------  -----  ---------  --------  ----------  --------------  -------------------
/opt/airflow/dags/csv_to_json.py                           1           0  0.65s           2025-05-04T06:35:56
================================================================================
[2025-05-04T06:36:55.839+0000] {manager.py:828} INFO - 
================================================================================
DAG File Processing Stats

File Path                         PID    Runtime      # DAGs    # Errors  Last Runtime    Last Run
--------------------------------  -----  ---------  --------  ----------  --------------  -------------------
/opt/airflow/dags/csv_to_json.py                           1           0  0.49s           2025-05-04T06:36:27
================================================================================
[2025-05-04T06:37:26.109+0000] {manager.py:828} INFO - 
================================================================================
DAG File Processing Stats

File Path                         PID    Runtime      # DAGs    # Errors  Last Runtime    Last Run
--------------------------------  -----  ---------  --------  ----------  --------------  -------------------
/opt/airflow/dags/csv_to_json.py                           1           0  0.51s           2025-05-04T06:36:58
================================================================================
[2025-05-04T06:37:56.148+0000] {manager.py:828} INFO - 
================================================================================
DAG File Processing Stats

File Path                         PID    Runtime      # DAGs    # Errors  Last Runtime    Last Run
--------------------------------  -----  ---------  --------  ----------  --------------  -------------------
/opt/airflow/dags/csv_to_json.py                           1           0  0.46s           2025-05-04T06:37:28
================================================================================
[2025-05-04T06:38:26.387+0000] {manager.py:828} INFO - 
================================================================================
DAG File Processing Stats

File Path                         PID    Runtime      # DAGs    # Errors  Last Runtime    Last Run
--------------------------------  -----  ---------  --------  ----------  --------------  -------------------
/opt/airflow/dags/csv_to_json.py                           1           0  0.44s           2025-05-04T06:37:59
================================================================================
[2025-05-04T06:38:56.600+0000] {manager.py:828} INFO - 
================================================================================
DAG File Processing Stats

File Path                         PID    Runtime      # DAGs    # Errors  Last Runtime    Last Run
--------------------------------  -----  ---------  --------  ----------  --------------  -------------------
/opt/airflow/dags/csv_to_json.py                           1           0  0.66s           2025-05-04T06:38:30
================================================================================
[2025-05-04T06:39:26.821+0000] {manager.py:828} INFO - 
================================================================================
DAG File Processing Stats

File Path                         PID    Runtime      # DAGs    # Errors  Last Runtime    Last Run
--------------------------------  -----  ---------  --------  ----------  --------------  -------------------
/opt/airflow/dags/csv_to_json.py                           1           0  0.45s           2025-05-04T06:39:01
================================================================================
[2025-05-04T06:39:56.873+0000] {manager.py:828} INFO - 
================================================================================
DAG File Processing Stats

File Path                         PID    Runtime      # DAGs    # Errors  Last Runtime    Last Run
--------------------------------  -----  ---------  --------  ----------  --------------  -------------------
/opt/airflow/dags/csv_to_json.py                           1           0  0.44s           2025-05-04T06:39:31
================================================================================
[2025-05-04T06:40:25.557+0000] {manager.py:709} INFO - Searching for files in /opt/airflow/dags
[2025-05-04T06:40:25.572+0000] {manager.py:712} INFO - There are 1 files in /opt/airflow/dags
[2025-05-04T06:40:27.095+0000] {manager.py:828} INFO - 
================================================================================
DAG File Processing Stats

File Path                         PID    Runtime      # DAGs    # Errors  Last Runtime    Last Run
--------------------------------  -----  ---------  --------  ----------  --------------  -------------------
/opt/airflow/dags/csv_to_json.py                           1           0  0.52s           2025-05-04T06:40:02
================================================================================
[2025-05-04T06:40:57.286+0000] {manager.py:828} INFO - 
================================================================================
DAG File Processing Stats

File Path                         PID    Runtime      # DAGs    # Errors  Last Runtime    Last Run
--------------------------------  -----  ---------  --------  ----------  --------------  -------------------
/opt/airflow/dags/csv_to_json.py                           1           0  0.52s           2025-05-04T06:40:33
================================================================================
[2025-05-04T06:41:27.555+0000] {manager.py:828} INFO - 
================================================================================
DAG File Processing Stats

File Path                         PID    Runtime      # DAGs    # Errors  Last Runtime    Last Run
--------------------------------  -----  ---------  --------  ----------  --------------  -------------------
/opt/airflow/dags/csv_to_json.py                           1           0  0.50s           2025-05-04T06:41:03
================================================================================
[2025-05-04T06:41:57.623+0000] {manager.py:828} INFO - 
================================================================================
DAG File Processing Stats

File Path                         PID    Runtime      # DAGs    # Errors  Last Runtime    Last Run
--------------------------------  -----  ---------  --------  ----------  --------------  -------------------
/opt/airflow/dags/csv_to_json.py                           1           0  0.45s           2025-05-04T06:41:34
================================================================================
[2025-05-04T06:42:27.821+0000] {manager.py:828} INFO - 
================================================================================
DAG File Processing Stats

File Path                         PID    Runtime      # DAGs    # Errors  Last Runtime    Last Run
--------------------------------  -----  ---------  --------  ----------  --------------  -------------------
/opt/airflow/dags/csv_to_json.py                           1           0  0.54s           2025-05-04T06:42:05
================================================================================
[2025-05-04T06:42:58.010+0000] {manager.py:828} INFO - 
================================================================================
DAG File Processing Stats

File Path                         PID    Runtime      # DAGs    # Errors  Last Runtime    Last Run
--------------------------------  -----  ---------  --------  ----------  --------------  -------------------
/opt/airflow/dags/csv_to_json.py                           1           0  0.57s           2025-05-04T06:42:35
================================================================================
[2025-05-04T06:43:28.260+0000] {manager.py:828} INFO - 
================================================================================
DAG File Processing Stats

File Path                         PID    Runtime      # DAGs    # Errors  Last Runtime    Last Run
--------------------------------  -----  ---------  --------  ----------  --------------  -------------------
/opt/airflow/dags/csv_to_json.py                           1           0  0.48s           2025-05-04T06:43:06
================================================================================
[2025-05-04T06:43:58.423+0000] {manager.py:828} INFO - 
================================================================================
DAG File Processing Stats

File Path                         PID    Runtime      # DAGs    # Errors  Last Runtime    Last Run
--------------------------------  -----  ---------  --------  ----------  --------------  -------------------
/opt/airflow/dags/csv_to_json.py                           1           0  0.53s           2025-05-04T06:43:37
================================================================================
[2025-05-04T06:44:29.289+0000] {manager.py:828} INFO - 
================================================================================
DAG File Processing Stats

File Path                         PID    Runtime      # DAGs    # Errors  Last Runtime    Last Run
--------------------------------  -----  ---------  --------  ----------  --------------  -------------------
/opt/airflow/dags/csv_to_json.py                           1           0  0.52s           2025-05-04T06:44:08
================================================================================
[2025-05-04T06:44:59.516+0000] {manager.py:828} INFO - 
================================================================================
DAG File Processing Stats

File Path                         PID    Runtime      # DAGs    # Errors  Last Runtime    Last Run
--------------------------------  -----  ---------  --------  ----------  --------------  -------------------
/opt/airflow/dags/csv_to_json.py                           1           0  0.57s           2025-05-04T06:44:38
================================================================================
[2025-05-04T06:45:25.668+0000] {manager.py:709} INFO - Searching for files in /opt/airflow/dags
[2025-05-04T06:45:25.682+0000] {manager.py:712} INFO - There are 1 files in /opt/airflow/dags
[2025-05-04T06:45:29.743+0000] {manager.py:828} INFO - 
================================================================================
DAG File Processing Stats

File Path                         PID    Runtime      # DAGs    # Errors  Last Runtime    Last Run
--------------------------------  -----  ---------  --------  ----------  --------------  -------------------
/opt/airflow/dags/csv_to_json.py                           1           0  0.64s           2025-05-04T06:45:09
================================================================================
[2025-05-04T06:46:00.049+0000] {manager.py:828} INFO - 
================================================================================
DAG File Processing Stats

File Path                         PID    Runtime      # DAGs    # Errors  Last Runtime    Last Run
--------------------------------  -----  ---------  --------  ----------  --------------  -------------------
/opt/airflow/dags/csv_to_json.py                           1           0  0.59s           2025-05-04T06:45:40
================================================================================
[2025-05-04T06:46:30.279+0000] {manager.py:828} INFO - 
================================================================================
DAG File Processing Stats

File Path                         PID    Runtime      # DAGs    # Errors  Last Runtime    Last Run
--------------------------------  -----  ---------  --------  ----------  --------------  -------------------
/opt/airflow/dags/csv_to_json.py                           1           0  0.56s           2025-05-04T06:46:11
================================================================================
[2025-05-04T06:47:00.856+0000] {manager.py:828} INFO - 
================================================================================
DAG File Processing Stats

File Path                         PID    Runtime      # DAGs    # Errors  Last Runtime    Last Run
--------------------------------  -----  ---------  --------  ----------  --------------  -------------------
/opt/airflow/dags/csv_to_json.py                           1           0  0.47s           2025-05-04T06:46:41
================================================================================
[2025-05-04T06:47:31.045+0000] {manager.py:828} INFO - 
================================================================================
DAG File Processing Stats

File Path                         PID    Runtime      # DAGs    # Errors  Last Runtime    Last Run
--------------------------------  -----  ---------  --------  ----------  --------------  -------------------
/opt/airflow/dags/csv_to_json.py                           1           0  0.42s           2025-05-04T06:47:12
================================================================================
[2025-05-04T06:48:01.189+0000] {manager.py:828} INFO - 
================================================================================
DAG File Processing Stats

File Path                         PID    Runtime      # DAGs    # Errors  Last Runtime    Last Run
--------------------------------  -----  ---------  --------  ----------  --------------  -------------------
/opt/airflow/dags/csv_to_json.py                           1           0  0.55s           2025-05-04T06:47:43
================================================================================
[2025-05-04T06:48:31.363+0000] {manager.py:828} INFO - 
================================================================================
DAG File Processing Stats

File Path                         PID    Runtime      # DAGs    # Errors  Last Runtime    Last Run
--------------------------------  -----  ---------  --------  ----------  --------------  -------------------
/opt/airflow/dags/csv_to_json.py                           1           0  0.50s           2025-05-04T06:48:13
================================================================================
[2025-05-04T06:49:01.585+0000] {manager.py:828} INFO - 
================================================================================
DAG File Processing Stats

File Path                         PID    Runtime      # DAGs    # Errors  Last Runtime    Last Run
--------------------------------  -----  ---------  --------  ----------  --------------  -------------------
/opt/airflow/dags/csv_to_json.py                           1           0  0.61s           2025-05-04T06:48:44
================================================================================
[2025-05-04T06:49:14.774+0000] {manager.py:462} INFO - Exiting gracefully upon receiving signal 15
[2025-05-04T06:49:14.775+0000] {manager.py:462} INFO - Exiting gracefully upon receiving signal 15
[2025-05-04T06:49:15.271+0000] {manager.py:462} INFO - Exiting gracefully upon receiving signal 15
