[2025-05-04T06:25:19.963+0000] {taskinstance.py:1171} INFO - Dependencies all met for <TaskInstance: csv_to_json.done manual__2025-05-04T06:25:13.546368+00:00 [queued]>
[2025-05-04T06:25:19.973+0000] {taskinstance.py:1171} INFO - Dependencies all met for <TaskInstance: csv_to_json.done manual__2025-05-04T06:25:13.546368+00:00 [queued]>
[2025-05-04T06:25:19.974+0000] {taskinstance.py:1368} INFO - 
--------------------------------------------------------------------------------
[2025-05-04T06:25:19.974+0000] {taskinstance.py:1369} INFO - Starting attempt 1 of 1
[2025-05-04T06:25:19.974+0000] {taskinstance.py:1370} INFO - 
--------------------------------------------------------------------------------
[2025-05-04T06:25:19.982+0000] {taskinstance.py:1389} INFO - Executing <Task(BashOperator): done> on 2025-05-04 06:25:13.546368+00:00
[2025-05-04T06:25:19.988+0000] {standard_task_runner.py:52} INFO - Started process 291 to run task
[2025-05-04T06:25:19.990+0000] {standard_task_runner.py:79} INFO - Running: ['***', 'tasks', 'run', 'csv_to_json', 'done', 'manual__2025-05-04T06:25:13.546368+00:00', '--job-id', '17', '--raw', '--subdir', 'DAGS_FOLDER/csv_to_json.py', '--cfg-path', '/tmp/tmpiob8t1by', '--error-file', '/tmp/tmp9bkcf09j']
[2025-05-04T06:25:19.991+0000] {standard_task_runner.py:80} INFO - Job 17: Subtask done
[2025-05-04T06:25:20.078+0000] {task_command.py:371} INFO - Running <TaskInstance: csv_to_json.done manual__2025-05-04T06:25:13.546368+00:00 [running]> on host d314c6c904e1
[2025-05-04T06:25:20.193+0000] {taskinstance.py:1583} INFO - Exporting the following env vars:
AIRFLOW_CTX_DAG_OWNER=***
AIRFLOW_CTX_DAG_ID=csv_to_json
AIRFLOW_CTX_TASK_ID=done
AIRFLOW_CTX_EXECUTION_DATE=2025-05-04T06:25:13.546368+00:00
AIRFLOW_CTX_TRY_NUMBER=1
AIRFLOW_CTX_DAG_RUN_ID=manual__2025-05-04T06:25:13.546368+00:00
[2025-05-04T06:25:20.196+0000] {subprocess.py:62} INFO - Tmp dir root location: 
 /tmp
[2025-05-04T06:25:20.199+0000] {subprocess.py:74} INFO - Running command: ['/bin/bash', '-c', 'echo "done!"']
[2025-05-04T06:25:20.267+0000] {subprocess.py:85} INFO - Output:
[2025-05-04T06:25:20.310+0000] {subprocess.py:92} INFO - done!
[2025-05-04T06:25:20.314+0000] {subprocess.py:96} INFO - Command exited with return code 0
[2025-05-04T06:25:20.393+0000] {taskinstance.py:1412} INFO - Marking task as SUCCESS. dag_id=csv_to_json, task_id=done, execution_date=20250504T062513, start_date=20250504T062519, end_date=20250504T062520
[2025-05-04T06:25:20.477+0000] {local_task_job.py:156} INFO - Task exited with return code 0
[2025-05-04T06:25:20.580+0000] {local_task_job.py:279} INFO - 0 downstream tasks scheduled from follow-on schedule check
