[2025-05-04T06:25:16.557+0000] {taskinstance.py:1171} INFO - Dependencies all met for <TaskInstance: csv_to_json.data_cleaning manual__2025-05-04T06:25:13.546368+00:00 [queued]>
[2025-05-04T06:25:16.578+0000] {taskinstance.py:1171} INFO - Dependencies all met for <TaskInstance: csv_to_json.data_cleaning manual__2025-05-04T06:25:13.546368+00:00 [queued]>
[2025-05-04T06:25:16.579+0000] {taskinstance.py:1368} INFO - 
--------------------------------------------------------------------------------
[2025-05-04T06:25:16.582+0000] {taskinstance.py:1369} INFO - Starting attempt 1 of 1
[2025-05-04T06:25:16.584+0000] {taskinstance.py:1370} INFO - 
--------------------------------------------------------------------------------
[2025-05-04T06:25:16.593+0000] {taskinstance.py:1389} INFO - Executing <Task(PythonOperator): data_cleaning> on 2025-05-04 06:25:13.546368+00:00
[2025-05-04T06:25:16.598+0000] {standard_task_runner.py:52} INFO - Started process 285 to run task
[2025-05-04T06:25:16.601+0000] {standard_task_runner.py:79} INFO - Running: ['***', 'tasks', 'run', 'csv_to_json', 'data_cleaning', 'manual__2025-05-04T06:25:13.546368+00:00', '--job-id', '15', '--raw', '--subdir', 'DAGS_FOLDER/csv_to_json.py', '--cfg-path', '/tmp/tmpehfzyk6x', '--error-file', '/tmp/tmp2ixbko9e']
[2025-05-04T06:25:16.602+0000] {standard_task_runner.py:80} INFO - Job 15: Subtask data_cleaning
[2025-05-04T06:25:16.676+0000] {task_command.py:371} INFO - Running <TaskInstance: csv_to_json.data_cleaning manual__2025-05-04T06:25:13.546368+00:00 [running]> on host d314c6c904e1
[2025-05-04T06:25:16.846+0000] {taskinstance.py:1583} INFO - Exporting the following env vars:
AIRFLOW_CTX_DAG_OWNER=***
AIRFLOW_CTX_DAG_ID=csv_to_json
AIRFLOW_CTX_TASK_ID=data_cleaning
AIRFLOW_CTX_EXECUTION_DATE=2025-05-04T06:25:13.546368+00:00
AIRFLOW_CTX_TRY_NUMBER=1
AIRFLOW_CTX_DAG_RUN_ID=manual__2025-05-04T06:25:13.546368+00:00
[2025-05-04T06:25:17.042+0000] {python.py:173} INFO - Done. Returned value was: None
[2025-05-04T06:25:17.103+0000] {taskinstance.py:1412} INFO - Marking task as SUCCESS. dag_id=csv_to_json, task_id=data_cleaning, execution_date=20250504T062513, start_date=20250504T062516, end_date=20250504T062517
[2025-05-04T06:25:17.168+0000] {local_task_job.py:156} INFO - Task exited with return code 0
[2025-05-04T06:25:17.239+0000] {local_task_job.py:279} INFO - 1 downstream tasks scheduled from follow-on schedule check
